============================================================
   Tang Dynasty, V5.0.43066
   Copyright:   Shanghai Anlogic Infotech Co., Ltd.
                2011 - 2021
   Executable = D:/Anlogic/TD5.0.43066/bin/td.exe
   Built at =   20:38:48 Nov 30 2021
   Run by =     JefferyLi
   Run Date =   Sat Apr  2 15:54:41 2022

   Run on =     LAPTOP-3NKS5JFR
============================================================
RUN-001 : GUI based run...
RUN-1002 : start command "import_device eagle_s20.db -package BG256"
ARC-1001 : Device Initialization.
ARC-1001 : ------------------------------------------------------------------
ARC-1001 :            OPTION            |          IO          |   SETTING   
ARC-1001 : ------------------------------------------------------------------
ARC-1001 :   cso_b/cclk/mosi/miso/dout  |  T3/R11/T10/P10/S11  |    gpio    
ARC-1001 :             done             |         P13          |    gpio    
ARC-1001 :           program_b          |          T2          |  dedicate  
ARC-1001 :        tdi/tms/tck/tdo       |   C12/A15/C14/E14    |  dedicate  
ARC-1001 : ------------------------------------------------------------------
ARC-1004 : Device setting, marked 5 dedicate IOs in total.
RUN-1002 : start command "import_device eagle_s20.db -package BG256 -basic"
ARC-1001 : Device Initialization.
ARC-1001 : ------------------------------------------------------------------
ARC-1001 :            OPTION            |          IO          |   SETTING   
ARC-1001 : ------------------------------------------------------------------
ARC-1001 :   cso_b/cclk/mosi/miso/dout  |  T3/R11/T10/P10/S11  |    gpio    
ARC-1001 :             done             |         P13          |    gpio    
ARC-1001 :           program_b          |          T2          |  dedicate  
ARC-1001 :        tdi/tms/tck/tdo       |   C12/A15/C14/E14    |  dedicate  
ARC-1001 : ------------------------------------------------------------------
ARC-1004 : Device setting, marked 5 dedicate IOs in total.
RUN-1002 : start command "read_verilog -file IQ_ADC.v"
HDL-1007 : analyze verilog file IQ_ADC.v
HDL-1007 : elaborate module IQ_ADC in IQ_ADC.v(14)
HDL-8007 ERROR: module 'EG_PHY_ADC' does not have a parameter named TEMPERATURE in IQ_ADC.v(24)
HDL-1007 : elaborate module EG_PHY_ADC(CH4="ENABLE",CH6="ENABLE") in D:/Anlogic/TD5.0.43066/arch/eagle_macro.v(1073)
GUI-2000 : Create ip file(s) successfully :{EG4S20BG256(D:/Documents/MMC/project/al_ip/IQ_ADC.v)}
