============================================================
   Tang Dynasty, V5.0.43066
   Copyright:   Shanghai Anlogic Infotech Co., Ltd.
                2011 - 2021
   Executable = D:/Anlogic/TD5.0.43066/bin/td.exe
   Built at =   20:38:48 Nov 30 2021
   Run by =     JefferyLi
   Run Date =   Sat Apr  2 14:37:02 2022

   Run on =     LAPTOP-3NKS5JFR
============================================================
RUN-001 : GUI based run...
RUN-1002 : start command "import_device eagle_s20.db -package BG256"
ARC-1001 : Device Initialization.
ARC-1001 : ------------------------------------------------------------------
ARC-1001 :            OPTION            |          IO          |   SETTING   
ARC-1001 : ------------------------------------------------------------------
ARC-1001 :   cso_b/cclk/mosi/miso/dout  |  T3/R11/T10/P10/S11  |    gpio    
ARC-1001 :             done             |         P13          |    gpio    
ARC-1001 :           program_b          |          T2          |  dedicate  
ARC-1001 :        tdi/tms/tck/tdo       |   C12/A15/C14/E14    |  dedicate  
ARC-1001 : ------------------------------------------------------------------
ARC-1004 : Device setting, marked 5 dedicate IOs in total.
RUN-1002 : start command "import_device eagle_s20.db -package BG256 -basic"
ARC-1001 : Device Initialization.
ARC-1001 : ------------------------------------------------------------------
ARC-1001 :            OPTION            |          IO          |   SETTING   
ARC-1001 : ------------------------------------------------------------------
ARC-1001 :   cso_b/cclk/mosi/miso/dout  |  T3/R11/T10/P10/S11  |    gpio    
ARC-1001 :             done             |         P13          |    gpio    
ARC-1001 :           program_b          |          T2          |  dedicate  
ARC-1001 :        tdi/tms/tck/tdo       |   C12/A15/C14/E14    |  dedicate  
ARC-1001 : ------------------------------------------------------------------
ARC-1004 : Device setting, marked 5 dedicate IOs in total.
RUN-1002 : start command "read_verilog -file IQ_fetcher.v"
HDL-1007 : analyze verilog file IQ_fetcher.v
HDL-1007 : elaborate module IQ_fetcher in IQ_fetcher.v(14)
HDL-8007 ERROR: module 'EG_PHY_ADC' does not have a parameter named TEMPERATURE in IQ_fetcher.v(24)
HDL-1007 : elaborate module EG_PHY_ADC(CH0="ENABLE",CH1="ENABLE") in D:/Anlogic/TD5.0.43066/arch/eagle_macro.v(1073)
GUI-2000 : Create ip file(s) successfully :{EG4S20BG256(D:/Documents/MMC/project/al_ip/IQ_fetcher.v)}
RUN-1002 : start command "import_device eagle_20.db -package QFN88"
ARC-1001 : Device Initialization.
ARC-1001 : ---------------------------------------------------------------
ARC-1001 :            OPTION            |        IO         |   SETTING   
ARC-1001 : ---------------------------------------------------------------
ARC-1001 :   cso_b/cclk/mosi/miso/dout  |  P69/P82/P81/P80  |    gpio    
ARC-1001 :             done             |        P8         |    gpio    
ARC-1001 :           program_b          |        P67        |  dedicate  
ARC-1001 :        tdi/tms/tck/tdo       |  P25/P22/P26/P21  |  dedicate  
ARC-1001 : ---------------------------------------------------------------
ARC-1004 : Device setting, marked 5 dedicate IOs in total.
RUN-1002 : start command "import_device ef2_1.db -package EF2L15LG100B"
ARC-1001 : Device Initialization.
ARC-1001 : -----------------------------------------------------
ARC-1001 :       OPTION       |        IO         |   SETTING   
ARC-1001 : -----------------------------------------------------
ARC-1001 :        done        |        P76        |    gpio    
ARC-1001 :        initn       |        P77        |    gpio    
ARC-1001 :       jtagen       |        P82        |    gpio    
ARC-1001 :      programn      |        P81        |  dedicate  
ARC-1001 :   tdi/tms/tck/tdo  |  P94/P90/P91/P95  |  dedicate  
ARC-1001 : -----------------------------------------------------
ARC-1004 : Device setting, marked 5 dedicate IOs in total.
